<?xml version="1.0" encoding="UTF-8"?>
<testsuite xmlns:xsi="http://www.w3.org/2001/XMLSchema-instance" xsi:noNamespaceSchemaLocation="https://maven.apache.org/surefire/maven-surefire-plugin/xsd/surefire-test-report.xsd" name="com.wizeline.MethodsTest" time="2.969" tests="6" errors="0" skipped="0" failures="0">
  <properties>
[...]
</properties>
  <testcase name="accessData_Not_Valid_Token" classname="com.wizeline.MethodsTest" time="0.252"/>
  <testcase name="accessData" classname="com.wizeline.MethodsTest" time="1.594"/>
  <testcase name="generateToken_DB_Issue" classname="com.wizeline.MethodsTest" time="0.863"/>
  <testcase name="generateToken_No_User" classname="com.wizeline.MethodsTest" time="0.112"/>
  <testcase name="accesData_DB_Issue" classname="com.wizeline.MethodsTest" time="0.004"/>
  <testcase name="generateToken" classname="com.wizeline.MethodsTest" time="0.135"/>
</testsuite>